<?xml version="1.0" encoding="UTF-8"?>
<!-- Generated by org.testng.reporters.JUnitXMLReporter -->
<testsuite ignored="0" hostname="BSC-C3SR6C2" failures="0" tests="4" name="Admin Portal" time="74.652" errors="0" timestamp="12 May 2021 22:58:58 GMT">
  <testcase classname="org.simplilearn.workshop.admin.adminDashboardTest" name="selectFeature" time="5.177"/>
  <testcase classname="org.simplilearn.workshop.admin.adminDashboardTest" name="userBlock" time="4.633"/>
  <testcase classname="org.simplilearn.workshop.admin.adminDashboardTest" name="userActivate" time="4.723"/>
  <testcase classname="org.simplilearn.workshop.admin.adminDashboardTest" name="chequeBookRequest" time="8.9"/>
</testsuite> <!-- Admin Portal -->
