<?xml version="1.0" encoding="UTF-8"?>
<!-- Generated by org.testng.reporters.JUnitXMLReporter -->
<testsuite ignored="0" hostname="BSC-C3SR6C2" failures="0" tests="8" name="User Portal" time="133.63" errors="0" timestamp="12 May 2021 22:57:43 GMT">
  <testcase classname="org.simplilearn.workshop.user.userDashboardTest" name="deposit" time="5.256"/>
  <testcase classname="org.simplilearn.workshop.user.userDashboardTest" name="withdraw" time="5.268"/>
  <testcase classname="org.simplilearn.workshop.user.userDashboardTest" name="transfer" time="5.601"/>
  <testcase classname="org.simplilearn.workshop.user.userDashboardTest" name="requestCheckBook" time="5.066"/>
  <testcase classname="org.simplilearn.workshop.user.userDashboardTest" name="transactionHistory" time="3.561"/>
  <testcase classname="org.simplilearn.workshop.user.userDashboardTest" name="transferHistory" time="3.552"/>
  <testcase classname="org.simplilearn.workshop.user.userDashboardTest" name="editProfile" time="5.673"/>
  <testcase classname="org.simplilearn.workshop.user.userDashboardTest" name="changePassword" time="5.316"/>
</testsuite> <!-- User Portal -->
